1629880959153:all
1630509297660:q
1630509300614:exit
1630522545067:q
1630522550071:exit
1630606326945:a
1630606385433:exit
1630606848295:a
1630606903738:g
1630607003568:a
1630607332319:help
1630607345488:history
1630607350375:help
1630607376501:a
1630607673170:stacktrace
1630607677042:scritp
1630607680250:script
1630695470289:a
1630695522100:exit
1630842937361:c
1630842946263:help
1630843002050:a
1630843038587:c --title New Vidsion --author Vasia --genre sci-fi
1630843059321:c --title "new vidsion"
1630843103602:c --title "New vidsion" --author "MAYA" -- genre "SciFi\n"
1630843152442:c --title "N" --author "NMA" --genre "SciFi"
1630843169678:help
1630843179091:stacktrace
1630843665661:c --title "t" --author "m" --genre "g"
1630843674195:stacktrace
1630843817287:exit
1630843861151:c --title "m" --author "author" genre "csdf"
1630844052620:c --title "t" --author "author" --genre "genre"
1630844067741:stacktracke
1630844073465:stacktrace
1630844137675:c --title "title" --author "author" --genre "gadf"
1630844143247:stacktrace
1630850301241:a
1630853365615:r ac98116b-8d75-4d4b-95a6-e4c82f8337cd
1630853382506:r be244098-55db-42a6-bd8b-cc159494bb05
1630853406657:d be244098-55db-42a6-bd8b-cc159494bb05
1630853408440:a
1630860494162:update --id 77d449d6-6fd1-4341-b02b-2160af4c93fd
1630860501980:a
1630861043771:u fe01a66f-4702-4b28-858f-c5298dd58dbd
1630861067865:u fe01a66f-4702-4b28-858f-c5298dd58dbd Maxim Maxim science
1630861072623:a
1630861213457:u fe01a66f-4702-4b28-858f-c5298dd58dbd Maxim Maxim Scientce
1630861246132:u 0287ee09-43a6-49ff-b56d-443e023955e3 Maxim Maxim Science
1630861248827:a
1630861280192:d 0287ee09-43a6-49ff-b56d-443e023955e3
1630861281494:a
1630863710356:r 65e330e8-5826-403f-a567-d577aa77c5a9
1631141304748:exit
1631144214126:a
1631147132931:help
1631147136270:all
1631147148556:create
1631147173451:create --title zzz --author mmm --genre jfd
1631147178977:all
1631147200863:read
1631147213704:read --id f3fa5378-3b4e-4530-9cd5-9c280225ee34
1631147234299:read 0b4655db-6c18-488e-a73c-b212a4cb0075
1631147329407:u
1631147394674:u --id 0b4655db-6c18-488e-a73c-b212a4cb0075 -title zzz --author vasiliy --genre mmm
1631147431617:u --id 0b4655db-6c18-488e-a73c-b212a4cb0075 --title zzz --author vasilye --genre mmm
1631147434575:a
1631147477041:delete d76ccc47-7324-4bca-aea6-b54d13de424c
1631147479206:a
1632596624477:h
1632596627265:help
1632596632616:c
1632596643347:c --title maxim
1632596700823:c --title maxim --author maxim --genre fiction --comment super
1632596713128:c --title maxim --author maxim --genre fiction
1632596739372:a
1633098794030:all
1633098893121:a
1633098943120:create max max max
1633098946777:a
1633099086929:d efe08fe5-a530-41a9-91e6-471c8c448d66
1633099090015:a
1633099118218:d 5c894389-b0dc-4c6a-adc1-1a3f99c9e7fc
1633099120088:a
1633099240518:exit
1633099468288:a
1633099471836:exit
